Flutter crash report; please file at https://github.com/flutter/flutter/issues.

## command

flutter --no-color run --machine --track-widget-creation --device-id=160b68839905 --start-paused lib\main.dart

## exception

String: Exit code 1 from: C:/AndroidSDK\platform-tools\adb.exe -s 160b68839905 shell -x logcat -v time -t 1

```
#0      _runWithLoggingSync (package:flutter_tools/src/base/process.dart:375:7)
#1      runCheckedSync (package:flutter_tools/src/base/process.dart:297:10)
#2      AndroidDevice.runAdbCheckedSync (package:flutter_tools/src/android/android_device.dart:230:12)
#3      AndroidDevice.lastLogcatTimestamp (package:flutter_tools/src/android/android_device.dart:621:27)
#4      _AdbLogReader._start (package:flutter_tools/src/android/android_device.dart:801:41)
#5      _runGuarded (dart:async/stream_controller.dart:805:24)
#6      _BroadcastStreamController._subscribe (dart:async/broadcast_stream_controller.dart:213:7)
#7      _ControllerStream._createSubscription (dart:async/stream_controller.dart:818:19)
#8      _StreamImpl.listen (dart:async/stream_impl.dart:472:9)
#9      FlutterDevice.startEchoingDeviceLog (package:flutter_tools/src/resident_runner.dart:325:38)
#10     FlutterDevice.runHot (package:flutter_tools/src/resident_runner.dart:368:5)
<asynchronous suspension>
#11     HotRunner.run (package:flutter_tools/src/run_hot.dart:247:39)
<asynchronous suspension>
#12     AppDomain.startApp.<anonymous closure> (package:flutter_tools/src/commands/daemon.dart:447:23)
#13     AppDomain.launch.<anonymous closure> (package:flutter_tools/src/commands/daemon.dart:507:26)
<asynchronous suspension>
#14     AppContext.run.<anonymous closure> (package:flutter_tools/src/base/context.dart:154:29)
<asynchronous suspension>
#15     _rootRun (dart:async/zone.dart:1124:13)
#16     _CustomZone.run (dart:async/zone.dart:1021:19)
#17     _runZoned (dart:async/zone.dart:1516:10)
#18     runZoned (dart:async/zone.dart:1463:12)
#19     AppContext.run (package:flutter_tools/src/base/context.dart:153:18)
<asynchronous suspension>
#20     AppInstance._runInZone (package:flutter_tools/src/commands/daemon.dart:888:20)
#21     AppDomain.launch (package:flutter_tools/src/commands/daemon.dart:505:15)
<asynchronous suspension>
#22     AppDomain.startApp (package:flutter_tools/src/commands/daemon.dart:441:12)
<asynchronous suspension>
#23     RunCommand.runCommand (package:flutter_tools/src/commands/run.dart:329:38)
<asynchronous suspension>
#24     FlutterCommand.verifyThenRunCommand (package:flutter_tools/src/runner/flutter_command.dart:477:18)
<asynchronous suspension>
#25     FlutterCommand.run.<anonymous closure> (package:flutter_tools/src/runner/flutter_command.dart:383:33)
<asynchronous suspension>
#26     AppContext.run.<anonymous closure> (package:flutter_tools/src/base/context.dart:154:29)
<asynchronous suspension>
#27     _rootRun (dart:async/zone.dart:1124:13)
#28     _CustomZone.run (dart:async/zone.dart:1021:19)
#29     _runZoned (dart:async/zone.dart:1516:10)
#30     runZoned (dart:async/zone.dart:1463:12)
#31     AppContext.run (package:flutter_tools/src/base/context.dart:153:18)
<asynchronous suspension>
#32     FlutterCommand.run (package:flutter_tools/src/runner/flutter_command.dart:375:20)
#33     CommandRunner.runCommand (package:args/command_runner.dart:197:27)
<asynchronous suspension>
#34     FlutterCommandRunner.runCommand.<anonymous closure> (package:flutter_tools/src/runner/flutter_command_runner.dart:396:21)
<asynchronous suspension>
#35     AppContext.run.<anonymous closure> (package:flutter_tools/src/base/context.dart:154:29)
<asynchronous suspension>
#36     _rootRun (dart:async/zone.dart:1124:13)
#37     _CustomZone.run (dart:async/zone.dart:1021:19)
#38     _runZoned (dart:async/zone.dart:1516:10)
#39     runZoned (dart:async/zone.dart:1463:12)
#40     AppContext.run (package:flutter_tools/src/base/context.dart:153:18)
<asynchronous suspension>
#41     FlutterCommandRunner.runCommand (package:flutter_tools/src/runner/flutter_command_runner.dart:356:19)
<asynchronous suspension>
#42     CommandRunner.run.<anonymous closure> (package:args/command_runner.dart:112:25)
#43     new Future.sync (dart:async/future.dart:224:31)
#44     CommandRunner.run (package:args/command_runner.dart:112:14)
#45     FlutterCommandRunner.run (package:flutter_tools/src/runner/flutter_command_runner.dart:242:18)
#46     run.<anonymous closure>.<anonymous closure> (package:flutter_tools/runner.dart:62:22)
<asynchronous suspension>
#47     _rootRun (dart:async/zone.dart:1124:13)
#48     _CustomZone.run (dart:async/zone.dart:1021:19)
#49     _runZoned (dart:async/zone.dart:1516:10)
#50     runZoned (dart:async/zone.dart:1500:12)
#51     run.<anonymous closure> (package:flutter_tools/runner.dart:60:18)
<asynchronous suspension>
#52     AppContext.run.<anonymous closure> (package:flutter_tools/src/base/context.dart:154:29)
<asynchronous suspension>
#53     _rootRun (dart:async/zone.dart:1124:13)
#54     _CustomZone.run (dart:async/zone.dart:1021:19)
#55     _runZoned (dart:async/zone.dart:1516:10)
#56     runZoned (dart:async/zone.dart:1463:12)
#57     AppContext.run (package:flutter_tools/src/base/context.dart:153:18)
<asynchronous suspension>
#58     runInContext (package:flutter_tools/src/context_runner.dart:56:24)
<asynchronous suspension>
#59     run (package:flutter_tools/runner.dart:51:10)
#60     main (package:flutter_tools/executable.dart:62:9)
<asynchronous suspension>
#61     main (file:///C:/flutter/packages/flutter_tools/bin/flutter_tools.dart:8:3)
#62     _startIsolate.<anonymous closure> (dart:isolate-patch/isolate_patch.dart:303:32)
#63     _RawReceivePortImpl._handleMessage (dart:isolate-patch/isolate_patch.dart:172:12)
```

## flutter doctor

```
[✓] Flutter (Channel dev, v1.8.2, on Microsoft Windows [Version 10.0.17134.1006], locale en-US)
    • Flutter version 1.8.2 at C:\flutter
    • Framework revision 0a39d8d92e (3 months ago), 2019-07-10 19:17:14 -0700
    • Engine revision 75387dbc14
    • Dart version 2.5.0 (build 2.5.0-dev.0.0 b5aeaa6796)

[✓] Android toolchain - develop for Android devices (Android SDK version 28.0.3)
    • Android SDK at C:/AndroidSDK
    • Android NDK location not configured (optional; useful for native profiling support)
    • Platform android-28, build-tools 28.0.3
    • Java binary at: C:\Program Files\Android\Android Studio\jre\bin\java
    • Java version OpenJDK Runtime Environment (build 1.8.0_202-release-1483-b03)
    • All Android licenses accepted.

[✓] Android Studio (version 3.5)
    • Android Studio at C:\Program Files\Android\Android Studio
    • Flutter plugin version 39.0.3
    • Dart plugin version 191.8423
    • Java version OpenJDK Runtime Environment (build 1.8.0_202-release-1483-b03)

[✓] Connected device (1 available)
    • Redmi Note 5 • 160b68839905 • android-arm64 • Android 8.1.0 (API 27)

• No issues found!
```
